2025-09-28 20:34:45 [main] WARN  o.h.e.j.c.i.ConnectionProviderInitiator - HHH000472: Hikari properties were encountered, but the Hikari ConnectionProvider was not found on the classpath; these properties are going to be ignored.
2025-09-28 20:34:45 [main] WARN  o.hibernate.orm.connections.pooling - HHH10001002: Using built-in connection pool (not intended for production use)
2025-09-28 20:34:55 [main] WARN  o.h.e.j.c.i.ConnectionProviderInitiator - HHH000472: Hikari properties were encountered, but the Hikari ConnectionProvider was not found on the classpath; these properties are going to be ignored.
2025-09-28 20:34:55 [main] WARN  o.hibernate.orm.connections.pooling - HHH10001002: Using built-in connection pool (not intended for production use)
2025-09-28 20:37:25 [main] WARN  o.h.e.j.c.i.ConnectionProviderInitiator - HHH000472: Hikari properties were encountered, but the Hikari ConnectionProvider was not found on the classpath; these properties are going to be ignored.
2025-09-28 20:37:25 [main] WARN  o.hibernate.orm.connections.pooling - HHH10001002: Using built-in connection pool (not intended for production use)
2025-09-28 20:37:59 [main] INFO  o.e.repository.GenericRepositoryImpl - –ü–æ–ª—É—á–∞–µ–º –≤—Å–µ –æ–±—ä–µ–∫—Ç—ã —Ç–∏–ø–∞ Role
2025-09-28 20:38:00 [main] INFO  o.e.repository.GenericRepositoryImpl - –ù–∞–π–¥–µ–Ω–æ 2 –æ–±—ä–µ–∫—Ç–æ–≤ —Ç–∏–ø–∞ Role
2025-09-28 20:38:12 [main] INFO  org.example.service.UserService - –°–æ–∑–¥–∞–Ω–∏–µ –ø–æ–ª—å–∑–æ–≤–∞—Ç–µ–ª—è: Dorn], email=kdfjs@.example.com, age=43, roleId=1
2025-09-28 20:38:12 [main] INFO  o.e.repository.GenericRepositoryImpl - –ü–æ–ª—É—á–∞–µ–º –æ–±—ä–µ–∫—Ç Role —Å id=1
2025-09-28 20:38:12 [main] INFO  o.e.repository.GenericRepositoryImpl - –û–±—ä–µ–∫—Ç Role –Ω–∞–π–¥–µ–Ω: org.example.model.Role@286866cb
2025-09-28 20:38:12 [main] INFO  o.e.repository.GenericRepositoryImpl - –°–æ—Ö—Ä–∞–Ω—è–µ–º –æ–±—ä–µ–∫—Ç User: org.example.model.User@ce561cc
2025-09-28 20:38:12 [main] INFO  o.e.repository.GenericRepositoryImpl - –û–±—ä–µ–∫—Ç User —É—Å–ø–µ—à–Ω–æ —Å–æ—Ö—Ä–∞–Ω—ë–Ω
2025-09-28 20:38:12 [main] INFO  org.example.service.UserService - –ü–æ–ª—å–∑–æ–≤–∞—Ç–µ–ª—å Dorn] —É—Å–ø–µ—à–Ω–æ —Å–æ–∑–¥–∞–Ω
2025-09-28 20:39:21 [main] WARN  o.h.e.j.c.i.ConnectionProviderInitiator - HHH000472: Hikari properties were encountered, but the Hikari ConnectionProvider was not found on the classpath; these properties are going to be ignored.
2025-09-28 20:39:21 [main] WARN  o.hibernate.orm.connections.pooling - HHH10001002: Using built-in connection pool (not intended for production use)
2025-09-28 20:39:54 [main] INFO  o.e.repository.GenericRepositoryImpl - –ü–æ–ª—É—á–∞–µ–º –≤—Å–µ –æ–±—ä–µ–∫—Ç—ã —Ç–∏–ø–∞ Role
2025-09-28 20:39:54 [main] INFO  o.e.repository.GenericRepositoryImpl - –ù–∞–π–¥–µ–Ω–æ 2 –æ–±—ä–µ–∫—Ç–æ–≤ —Ç–∏–ø–∞ Role
2025-09-28 20:39:57 [main] INFO  org.example.service.UserService - –°–æ–∑–¥–∞–Ω–∏–µ –ø–æ–ª—å–∑–æ–≤–∞—Ç–µ–ª—è: –î–∂—â, email=jkfsd@example.org, age=23, roleId=2
2025-09-28 20:39:57 [main] INFO  o.e.repository.GenericRepositoryImpl - –ü–æ–ª—É—á–∞–µ–º –æ–±—ä–µ–∫—Ç Role —Å id=2
2025-09-28 20:39:57 [main] INFO  o.e.repository.GenericRepositoryImpl - –û–±—ä–µ–∫—Ç Role –Ω–∞–π–¥–µ–Ω: org.example.model.Role@7bec8cb0
2025-09-28 20:39:57 [main] INFO  o.e.repository.GenericRepositoryImpl - –°–æ—Ö—Ä–∞–Ω—è–µ–º –æ–±—ä–µ–∫—Ç User: org.example.model.User@7d88fa9c
2025-09-28 20:39:57 [main] INFO  o.e.repository.GenericRepositoryImpl - –û–±—ä–µ–∫—Ç User —É—Å–ø–µ—à–Ω–æ —Å–æ—Ö—Ä–∞–Ω—ë–Ω
2025-09-28 20:39:57 [main] INFO  org.example.service.UserService - –ü–æ–ª—å–∑–æ–≤–∞—Ç–µ–ª—å –î–∂—â —É—Å–ø–µ—à–Ω–æ —Å–æ–∑–¥–∞–Ω
2025-09-30 02:09:31 [main] WARN  o.h.e.j.c.i.ConnectionProviderInitiator - HHH000472: Hikari properties were encountered, but the Hikari ConnectionProvider was not found on the classpath; these properties are going to be ignored.
2025-09-30 02:09:31 [main] WARN  o.hibernate.orm.connections.pooling - HHH10001002: Using built-in connection pool (not intended for production use)
2025-09-30 02:10:00 [main] INFO  o.e.repository.GenericRepositoryImpl - –ü–æ–ª—É—á–∞–µ–º –≤—Å–µ –æ–±—ä–µ–∫—Ç—ã —Ç–∏–ø–∞ Role
2025-09-30 02:10:01 [main] INFO  o.e.repository.GenericRepositoryImpl - –ù–∞–π–¥–µ–Ω–æ 2 –æ–±—ä–µ–∫—Ç–æ–≤ —Ç–∏–ø–∞ Role
2025-09-30 02:10:20 [main] INFO  org.example.service.UserService - –°–æ–∑–¥–∞–Ω–∏–µ –ø–æ–ª—å–∑–æ–≤–∞—Ç–µ–ª—è: knbfsgd, email=org@example.com, age=23, roleId=2
2025-09-30 02:10:20 [main] INFO  o.e.repository.GenericRepositoryImpl - –ü–æ–ª—É—á–∞–µ–º –æ–±—ä–µ–∫—Ç Role —Å id=2
2025-09-30 02:10:20 [main] INFO  o.e.repository.GenericRepositoryImpl - –û–±—ä–µ–∫—Ç Role –Ω–∞–π–¥–µ–Ω: org.example.model.Role@2d74cbbd
2025-09-30 02:10:20 [main] INFO  o.e.repository.GenericRepositoryImpl - –°–æ—Ö—Ä–∞–Ω—è–µ–º –æ–±—ä–µ–∫—Ç User: org.example.model.User@3e2d44f3
2025-09-30 02:10:21 [main] INFO  o.e.repository.GenericRepositoryImpl - –û–±—ä–µ–∫—Ç User —É—Å–ø–µ—à–Ω–æ —Å–æ—Ö—Ä–∞–Ω—ë–Ω
2025-09-30 02:10:21 [main] INFO  org.example.service.UserService - –ü–æ–ª—å–∑–æ–≤–∞—Ç–µ–ª—å knbfsgd —É—Å–ø–µ—à–Ω–æ —Å–æ–∑–¥–∞–Ω
2025-10-05 07:31:22 [main] WARN  o.h.e.j.c.i.ConnectionProviderInitiator - HHH000472: Hikari properties were encountered, but the Hikari ConnectionProvider was not found on the classpath; these properties are going to be ignored.
2025-10-05 07:31:22 [main] WARN  o.hibernate.orm.connections.pooling - HHH10001002: Using built-in connection pool (not intended for production use)
2025-10-05 07:31:28 [main] WARN  o.h.e.jdbc.spi.SqlExceptionHelper - SQL Warning Code: 0, SQLState: 00000
2025-10-05 07:31:28 [main] WARN  o.h.e.jdbc.spi.SqlExceptionHelper - constraint "ukrsulcn2gynjy3cddpwmosv881" of relation "users" does not exist, skipping
2025-10-05 07:35:09 [main] INFO  org.example.service.UserService - —ÓÁ‰‡ÌËÂ ÔÓÎ¸ÁÓ‚‡ÚÂÎˇ: Alex, email=alex@mail.com, age=25, roleId=1
2025-10-05 07:35:09 [main] INFO  org.example.service.UserService - —ÓÁ‰‡ÌËÂ ÔÓÎ¸ÁÓ‚‡ÚÂÎˇ: Alex, email=alex@mail.com, age=25, roleId=999
2025-10-05 07:35:09 [main] WARN  org.example.service.UserService - –ÓÎ¸ Ò id=999 ÌÂ Ì‡È‰ÂÌ‡
2025-10-05 07:35:10 [main] WARN  o.h.e.j.c.i.ConnectionProviderInitiator - HHH000472: Hikari properties were encountered, but the Hikari ConnectionProvider was not found on the classpath; these properties are going to be ignored.
2025-10-05 07:35:10 [main] WARN  o.hibernate.orm.connections.pooling - HHH10001002: Using built-in connection pool (not intended for production use)
2025-10-05 07:35:15 [main] ERROR org.example.service.UserService - Œ¯Ë·Í‡ ÔË ÒÓÁ‰‡ÌËË ÔÓÎ¸ÁÓ‚‡ÚÂÎˇ Alex: null
org.example.exception.ServiceException: null
	at org.example.service.UserService.createUser(UserService.java:43)
	at org.example.service.UserServiceTest.lambda$createUserRoleNotFoundThrowsServiceException$0(UserServiceTest.java:61)
	at org.junit.jupiter.api.AssertThrows.assertThrows(AssertThrows.java:53)
	at org.junit.jupiter.api.AssertThrows.assertThrows(AssertThrows.java:35)
	at org.junit.jupiter.api.Assertions.assertThrows(Assertions.java:3128)
	at org.example.service.UserServiceTest.createUserRoleNotFoundThrowsServiceException(UserServiceTest.java:61)
	at java.base/jdk.internal.reflect.NativeMethodAccessorImpl.invoke0(Native Method)
	at java.base/jdk.internal.reflect.NativeMethodAccessorImpl.invoke(NativeMethodAccessorImpl.java:77)
	at java.base/jdk.internal.reflect.DelegatingMethodAccessorImpl.invoke(DelegatingMethodAccessorImpl.java:43)
	at java.base/java.lang.reflect.Method.invoke(Method.java:569)
	at org.junit.platform.commons.util.ReflectionUtils.invokeMethod(ReflectionUtils.java:767)
	at org.junit.jupiter.engine.execution.MethodInvocation.proceed(MethodInvocation.java:60)
	at org.junit.jupiter.engine.execution.InvocationInterceptorChain$ValidatingInvocation.proceed(InvocationInterceptorChain.java:131)
	at org.junit.jupiter.engine.extension.TimeoutExtension.intercept(TimeoutExtension.java:156)
	at org.junit.jupiter.engine.extension.TimeoutExtension.interceptTestableMethod(TimeoutExtension.java:147)
	at org.junit.jupiter.engine.extension.TimeoutExtension.interceptTestMethod(TimeoutExtension.java:86)
	at org.junit.jupiter.engine.execution.InterceptingExecutableInvoker$ReflectiveInterceptorCall.lambda$ofVoidMethod$0(InterceptingExecutableInvoker.java:103)
	at org.junit.jupiter.engine.execution.InterceptingExecutableInvoker.lambda$invoke$0(InterceptingExecutableInvoker.java:93)
	at org.junit.jupiter.engine.execution.InvocationInterceptorChain$InterceptedInvocation.proceed(InvocationInterceptorChain.java:106)
	at org.junit.jupiter.engine.execution.InvocationInterceptorChain.proceed(InvocationInterceptorChain.java:64)
	at org.junit.jupiter.engine.execution.InvocationInterceptorChain.chainAndInvoke(InvocationInterceptorChain.java:45)
	at org.junit.jupiter.engine.execution.InvocationInterceptorChain.invoke(InvocationInterceptorChain.java:37)
	at org.junit.jupiter.engine.execution.InterceptingExecutableInvoker.invoke(InterceptingExecutableInvoker.java:92)
	at org.junit.jupiter.engine.execution.InterceptingExecutableInvoker.invoke(InterceptingExecutableInvoker.java:86)
	at org.junit.jupiter.engine.descriptor.TestMethodTestDescriptor.lambda$invokeTestMethod$8(TestMethodTestDescriptor.java:217)
	at org.junit.platform.engine.support.hierarchical.ThrowableCollector.execute(ThrowableCollector.java:73)
	at org.junit.jupiter.engine.descriptor.TestMethodTestDescriptor.invokeTestMethod(TestMethodTestDescriptor.java:213)
	at org.junit.jupiter.engine.descriptor.TestMethodTestDescriptor.execute(TestMethodTestDescriptor.java:138)
	at org.junit.jupiter.engine.descriptor.TestMethodTestDescriptor.execute(TestMethodTestDescriptor.java:68)
	at org.junit.platform.engine.support.hierarchical.NodeTestTask.lambda$executeRecursively$6(NodeTestTask.java:156)
	at org.junit.platform.engine.support.hierarchical.ThrowableCollector.execute(ThrowableCollector.java:73)
	at org.junit.platform.engine.support.hierarchical.NodeTestTask.lambda$executeRecursively$8(NodeTestTask.java:146)
	at org.junit.platform.engine.support.hierarchical.Node.around(Node.java:137)
	at org.junit.platform.engine.support.hierarchical.NodeTestTask.lambda$executeRecursively$9(NodeTestTask.java:144)
	at org.junit.platform.engine.support.hierarchical.ThrowableCollector.execute(ThrowableCollector.java:73)
	at org.junit.platform.engine.support.hierarchical.NodeTestTask.executeRecursively(NodeTestTask.java:143)
	at org.junit.platform.engine.support.hierarchical.NodeTestTask.execute(NodeTestTask.java:100)
	at java.base/java.util.ArrayList.forEach(ArrayList.java:1511)
	at org.junit.platform.engine.support.hierarchical.SameThreadHierarchicalTestExecutorService.invokeAll(SameThreadHierarchicalTestExecutorService.java:41)
	at org.junit.platform.engine.support.hierarchical.NodeTestTask.lambda$executeRecursively$6(NodeTestTask.java:160)
	at org.junit.platform.engine.support.hierarchical.ThrowableCollector.execute(ThrowableCollector.java:73)
	at org.junit.platform.engine.support.hierarchical.NodeTestTask.lambda$executeRecursively$8(NodeTestTask.java:146)
	at org.junit.platform.engine.support.hierarchical.Node.around(Node.java:137)
	at org.junit.platform.engine.support.hierarchical.NodeTestTask.lambda$executeRecursively$9(NodeTestTask.java:144)
	at org.junit.platform.engine.support.hierarchical.ThrowableCollector.execute(ThrowableCollector.java:73)
	at org.junit.platform.engine.support.hierarchical.NodeTestTask.executeRecursively(NodeTestTask.java:143)
	at org.junit.platform.engine.support.hierarchical.NodeTestTask.execute(NodeTestTask.java:100)
	at java.base/java.util.ArrayList.forEach(ArrayList.java:1511)
	at org.junit.platform.engine.support.hierarchical.SameThreadHierarchicalTestExecutorService.invokeAll(SameThreadHierarchicalTestExecutorService.java:41)
	at org.junit.platform.engine.support.hierarchical.NodeTestTask.lambda$executeRecursively$6(NodeTestTask.java:160)
	at org.junit.platform.engine.support.hierarchical.ThrowableCollector.execute(ThrowableCollector.java:73)
	at org.junit.platform.engine.support.hierarchical.NodeTestTask.lambda$executeRecursively$8(NodeTestTask.java:146)
	at org.junit.platform.engine.support.hierarchical.Node.around(Node.java:137)
	at org.junit.platform.engine.support.hierarchical.NodeTestTask.lambda$executeRecursively$9(NodeTestTask.java:144)
	at org.junit.platform.engine.support.hierarchical.ThrowableCollector.execute(ThrowableCollector.java:73)
	at org.junit.platform.engine.support.hierarchical.NodeTestTask.executeRecursively(NodeTestTask.java:143)
	at org.junit.platform.engine.support.hierarchical.NodeTestTask.execute(NodeTestTask.java:100)
	at org.junit.platform.engine.support.hierarchical.SameThreadHierarchicalTestExecutorService.submit(SameThreadHierarchicalTestExecutorService.java:35)
	at org.junit.platform.engine.support.hierarchical.HierarchicalTestExecutor.execute(HierarchicalTestExecutor.java:57)
	at org.junit.platform.engine.support.hierarchical.HierarchicalTestEngine.execute(HierarchicalTestEngine.java:54)
	at org.junit.platform.launcher.core.EngineExecutionOrchestrator.execute(EngineExecutionOrchestrator.java:198)
	at org.junit.platform.launcher.core.EngineExecutionOrchestrator.execute(EngineExecutionOrchestrator.java:169)
	at org.junit.platform.launcher.core.EngineExecutionOrchestrator.execute(EngineExecutionOrchestrator.java:93)
	at org.junit.platform.launcher.core.EngineExecutionOrchestrator.lambda$execute$0(EngineExecutionOrchestrator.java:58)
	at org.junit.platform.launcher.core.EngineExecutionOrchestrator.withInterceptedStreams(EngineExecutionOrchestrator.java:141)
	at org.junit.platform.launcher.core.EngineExecutionOrchestrator.execute(EngineExecutionOrchestrator.java:57)
	at org.junit.platform.launcher.core.DefaultLauncher.execute(DefaultLauncher.java:103)
	at org.junit.platform.launcher.core.DefaultLauncher.execute(DefaultLauncher.java:85)
	at org.junit.platform.launcher.core.DelegatingLauncher.execute(DelegatingLauncher.java:47)
	at org.apache.maven.surefire.junitplatform.LazyLauncher.execute(LazyLauncher.java:56)
	at org.apache.maven.surefire.junitplatform.JUnitPlatformProvider.execute(JUnitPlatformProvider.java:184)
	at org.apache.maven.surefire.junitplatform.JUnitPlatformProvider.invokeAllTests(JUnitPlatformProvider.java:148)
	at org.apache.maven.surefire.junitplatform.JUnitPlatformProvider.invoke(JUnitPlatformProvider.java:122)
	at org.apache.maven.surefire.booter.ForkedBooter.runSuitesInProcess(ForkedBooter.java:385)
	at org.apache.maven.surefire.booter.ForkedBooter.execute(ForkedBooter.java:162)
	at org.apache.maven.surefire.booter.ForkedBooter.run(ForkedBooter.java:507)
	at org.apache.maven.surefire.booter.ForkedBooter.main(ForkedBooter.java:495)
2025-10-05 07:35:15 [main] INFO  org.example.service.UserService - œÓÎÛ˜ÂÌËÂ ÔÓÎ¸ÁÓ‚‡ÚÂÎˇ ÔÓ id: 1
2025-10-05 07:35:15 [main] INFO  org.example.service.UserService - œÓÎ¸ÁÓ‚‡ÚÂÎ¸ Ì‡È‰ÂÌ ÔÓ id: 1
2025-10-05 07:35:15 [main] INFO  org.example.service.UserService - œÓÎÛ˜ÂÌËÂ ‚ÒÂı ÔÓÎ¸ÁÓ‚‡ÚÂÎÂÈ
2025-10-05 14:40:37 [main] WARN  o.h.e.j.c.i.ConnectionProviderInitiator - HHH000472: Hikari properties were encountered, but the Hikari ConnectionProvider was not found on the classpath; these properties are going to be ignored.
2025-10-05 14:40:37 [main] WARN  o.hibernate.orm.connections.pooling - HHH10001002: Using built-in connection pool (not intended for production use)
